Removed Pin From Net: NetName=NetR1_1 Pin=R2-1
Removed Pin From Net: NetName=NetR1_2 Pin=R3-2
Removed Pin From Net: NetName=GND Pin=R4-1
Removed Pin From Net: NetName=NetP2_2 Pin=R4-2
Removed Pin From Net: NetName=+2.5 Pin=R6-1
Removed Pin From Net: NetName=NetR5_2 Pin=R6-2
Removed Pin From Net: NetName=NetC1_2 Pin=R7-2
Removed Pin From Net: NetName=GND Pin=R12-2
Removed Pin From Net: NetName=NetR5_2 Pin=U1-2
Removed Pin From Net: NetName=-5 Pin=U1-4
Removed Pin From Net: NetName=+5 Pin=U1-8
Removed Pin From Net: NetName=NetP2_2 Pin=U2-1
Removed Pin From Net: NetName=NetP2_2 Pin=U2-2
Removed Pin From Net: NetName=NetC1_2 Pin=U2-3
Removed Member From Class: ClassName=PCB_D2_H25_EQ12 Member=R7
Removed Member From Class: ClassName=PCB_D2_H25_EQ12 Member=R8
Removed Member From Class: ClassName=PCB_D2_H25_EQ12 Member=R9
Removed Member From Class: ClassName=PCB_D2_H25_EQ12 Member=R10
Removed Member From Class: ClassName=PCB_D2_H25_EQ12 Member=R11
Removed Member From Class: ClassName=PCB_D2_H25_EQ12 Member=R12
Removed Member From Class: ClassName=PCB_D2_H25_EQ12 Member=U2
Change Component Footprint: Designator=R1 Old Footprint=res0402 reflow New Footprint=Resistor_Axial 0.4
Change Component Footprint: Designator=R2 Old Footprint=res0402 reflow New Footprint=Resistor_Axial 0.4
Change Component Footprint: Designator=R3 Old Footprint=res0402 reflow New Footprint=Resistor_Axial 0.4
Change Component Footprint: Designator=R5 Old Footprint=res0402 reflow New Footprint=Resistor_Axial 0.4
Change Component Footprint: Designator=R4 Old Footprint=res0805 reflow New Footprint=Resistor_Axial 0.4
Change Component Footprint: Designator=R6 Old Footprint=res0805 reflow New Footprint=Resistor_Axial 0.4
Change Component Comment : Designator=R4 Old Comment=Res 0805 10K New Comment=res
Change Component Comment : Designator=R6 Old Comment=Res 0805 10K New Comment=res
Change Component Designator: OldDesignator=U2 NewDesignator=U1
Change component parameters: Designator = "R1" ("R1"); Footprint = "res0402 reflow"; UniqueID = "\SLACBZTW" ("\SLACBZTW")
Change component parameters (AddParameter): Name = "Digikey"; Value = ""; VariantName = "[No Variations]"
Change component parameters (AddParameter): Name = "LatestRevisionDate"; Value = "17-Jul-2002"; VariantName = "[No Variations]"
Change component parameters (AddParameter): Name = "LatestRevisionNote"; Value = "Re-released for DXP Platform."; VariantName = "[No Variations]"
Change component parameters (AddParameter): Name = "Mouser"; Value = ""; VariantName = "[No Variations]"
Change component parameters (AddParameter): Name = "PackageDescription"; Value = "Axial Device, Thru-Hole; 2 Leads; 0.3 in Pin Spacing"; VariantName = "[No Variations]"
Change component parameters (AddParameter): Name = "PackageReference"; Value = "AXIAL-0.3"; VariantName = "[No Variations]"
Change component parameters (AddParameter): Name = "Published"; Value = "8-Jun-2000"; VariantName = "[No Variations]"
Change component parameters (AddParameter): Name = "Publisher"; Value = "Altium Limited"; VariantName = "[No Variations]"
Change component parameters (AddParameter): Name = "Value"; Value = "4K"; VariantName = "[No Variations]"
Change component parameters: Designator = "R2" ("R2"); Footprint = "res0402 reflow"; UniqueID = "\LBRXZLPQ" ("\LBRXZLPQ")
Change component parameters (AddParameter): Name = "Digikey"; Value = ""; VariantName = "[No Variations]"
Change component parameters (AddParameter): Name = "LatestRevisionDate"; Value = "17-Jul-2002"; VariantName = "[No Variations]"
Change component parameters (AddParameter): Name = "LatestRevisionNote"; Value = "Re-released for DXP Platform."; VariantName = "[No Variations]"
Change component parameters (AddParameter): Name = "Mouser"; Value = ""; VariantName = "[No Variations]"
Change component parameters (AddParameter): Name = "PackageDescription"; Value = "Axial Device, Thru-Hole; 2 Leads; 0.3 in Pin Spacing"; VariantName = "[No Variations]"
Change component parameters (AddParameter): Name = "PackageReference"; Value = "AXIAL-0.3"; VariantName = "[No Variations]"
Change component parameters (AddParameter): Name = "Published"; Value = "8-Jun-2000"; VariantName = "[No Variations]"
Change component parameters (AddParameter): Name = "Publisher"; Value = "Altium Limited"; VariantName = "[No Variations]"
Change component parameters (AddParameter): Name = "Value"; Value = "10K"; VariantName = "[No Variations]"
Change component parameters: Designator = "R3" ("R3"); Footprint = "res0402 reflow"; UniqueID = "\HRRMZUHT" ("\HRRMZUHT")
Change component parameters (AddParameter): Name = "Digikey"; Value = ""; VariantName = "[No Variations]"
Change component parameters (AddParameter): Name = "LatestRevisionDate"; Value = "17-Jul-2002"; VariantName = "[No Variations]"
Change component parameters (AddParameter): Name = "LatestRevisionNote"; Value = "Re-released for DXP Platform."; VariantName = "[No Variations]"
Change component parameters (AddParameter): Name = "Mouser"; Value = ""; VariantName = "[No Variations]"
Change component parameters (AddParameter): Name = "PackageDescription"; Value = "Axial Device, Thru-Hole; 2 Leads; 0.3 in Pin Spacing"; VariantName = "[No Variations]"
Change component parameters (AddParameter): Name = "PackageReference"; Value = "AXIAL-0.3"; VariantName = "[No Variations]"
Change component parameters (AddParameter): Name = "Published"; Value = "8-Jun-2000"; VariantName = "[No Variations]"
Change component parameters (AddParameter): Name = "Publisher"; Value = "Altium Limited"; VariantName = "[No Variations]"
Change component parameters (AddParameter): Name = "Value"; Value = "10K"; VariantName = "[No Variations]"
Change component parameters: Designator = "R4" ("R4"); Footprint = "res0805 reflow"; UniqueID = "\SQBOAOUG" ("\SQBOAOUG")
Change component parameters (AddParameter): Name = "Digikey"; Value = ""; VariantName = "[No Variations]"
Change component parameters (AddParameter): Name = "LatestRevisionDate"; Value = "17-Jul-2002"; VariantName = "[No Variations]"
Change component parameters (AddParameter): Name = "LatestRevisionNote"; Value = "Re-released for DXP Platform."; VariantName = "[No Variations]"
Change component parameters (AddParameter): Name = "Mouser"; Value = ""; VariantName = "[No Variations]"
Change component parameters (AddParameter): Name = "PackageDescription"; Value = "Axial Device, Thru-Hole; 2 Leads; 0.3 in Pin Spacing"; VariantName = "[No Variations]"
Change component parameters (AddParameter): Name = "PackageReference"; Value = "AXIAL-0.3"; VariantName = "[No Variations]"
Change component parameters (AddParameter): Name = "Published"; Value = "8-Jun-2000"; VariantName = "[No Variations]"
Change component parameters (AddParameter): Name = "Publisher"; Value = "Altium Limited"; VariantName = "[No Variations]"
Change component parameters (AddParameter): Name = "Value"; Value = "10K"; VariantName = "[No Variations]"
Change component parameters: Designator = "R5" ("R5"); Footprint = "res0402 reflow"; UniqueID = "\JBXXGIIG" ("\JBXXGIIG")
Change component parameters (AddParameter): Name = "Digikey"; Value = ""; VariantName = "[No Variations]"
Change component parameters (AddParameter): Name = "LatestRevisionDate"; Value = "17-Jul-2002"; VariantName = "[No Variations]"
Change component parameters (AddParameter): Name = "LatestRevisionNote"; Value = "Re-released for DXP Platform."; VariantName = "[No Variations]"
Change component parameters (AddParameter): Name = "Mouser"; Value = ""; VariantName = "[No Variations]"
Change component parameters (AddParameter): Name = "PackageDescription"; Value = "Axial Device, Thru-Hole; 2 Leads; 0.3 in Pin Spacing"; VariantName = "[No Variations]"
Change component parameters (AddParameter): Name = "PackageReference"; Value = "AXIAL-0.3"; VariantName = "[No Variations]"
Change component parameters (AddParameter): Name = "Published"; Value = "8-Jun-2000"; VariantName = "[No Variations]"
Change component parameters (AddParameter): Name = "Publisher"; Value = "Altium Limited"; VariantName = "[No Variations]"
Change component parameters (AddParameter): Name = "Value"; Value = "10K"; VariantName = "[No Variations]"
Change component parameters: Designator = "R6" ("R6"); Footprint = "res0805 reflow"; UniqueID = "\YCLPRMLP" ("\YCLPRMLP")
Change component parameters (AddParameter): Name = "Digikey"; Value = ""; VariantName = "[No Variations]"
Change component parameters (AddParameter): Name = "LatestRevisionDate"; Value = "17-Jul-2002"; VariantName = "[No Variations]"
Change component parameters (AddParameter): Name = "LatestRevisionNote"; Value = "Re-released for DXP Platform."; VariantName = "[No Variations]"
Change component parameters (AddParameter): Name = "Mouser"; Value = ""; VariantName = "[No Variations]"
Change component parameters (AddParameter): Name = "PackageDescription"; Value = "Axial Device, Thru-Hole; 2 Leads; 0.3 in Pin Spacing"; VariantName = "[No Variations]"
Change component parameters (AddParameter): Name = "PackageReference"; Value = "AXIAL-0.3"; VariantName = "[No Variations]"
Change component parameters (AddParameter): Name = "Published"; Value = "8-Jun-2000"; VariantName = "[No Variations]"
Change component parameters (AddParameter): Name = "Publisher"; Value = "Altium Limited"; VariantName = "[No Variations]"
Change component parameters (AddParameter): Name = "Value"; Value = "4K"; VariantName = "[No Variations]"
Added Pin To Net: NetName=GND Pin=R2-1
Added Pin To Net: NetName=NetP2_2 Pin=R2-2
Added Pin To Net: NetName=+2.5 Pin=R3-1
Added Pin To Net: NetName=NetR1_1 Pin=R3-2
Added Pin To Net: NetName=NetR1_2 Pin=R4-1
Added Pin To Net: NetName=NetC1_2 Pin=R4-2
Added Pin To Net: NetName=NetR5_2 Pin=R6-1
Added Pin To Net: NetName=GND Pin=R6-2
Added Pin To Net: NetName=NetR1_2 Pin=U1-1
Added Pin To Net: NetName=NetR1_1 Pin=U1-2
Added Pin To Net: NetName=NetR5_2 Pin=U1-3
Added Pin To Net: NetName=NetC1_2 Pin=U1-5
Added Pin To Net: NetName=NetP2_2 Pin=U1-6
Added Pin To Net: NetName=NetP2_2 Pin=U1-7
Added Pin To Net: NetName=NetR5_1 Pin=R5-1
Added Pin To Net: NetName=NetR5_1 Pin=Shield1-J7-4
Added Net: Name=NetR5_1
Change Class Name : Old Net Name=PCB_D2_H25_EQ12 New Net Name=PCB_D2_H25_EQ12 
